SF:/config/workspace/Robin/Robin/Lexer.cs
FN:18,System.Boolean Robin.Lexer::TryGetNextToken(System.Nullable`1<Robin.Token>&)
FNDA:42,System.Boolean Robin.Lexer::TryGetNextToken(System.Nullable`1<Robin.Token>&)
DA:19,42
DA:20,42
DA:21,11
DA:22,11
DA:23,11
DA:27,31
DA:30,31
DA:31,0
DA:32,0
DA:33,0
DA:34,0
DA:35,0
DA:36,0
DA:40,31
DA:41,10
DA:42,10
DA:43,10
DA:44,10
DA:45,10
DA:49,21
DA:50,42
BRDA:20,25,0,11
BRDA:20,25,1,31
BRDA:30,76,0,0
BRDA:30,76,1,31
BRDA:40,157,0,10
BRDA:40,157,1,21
FN:52,System.Boolean Robin.Lexer::TryParseMustacheTag(System.Nullable`1<Robin.Token>&)
FNDA:21,System.Boolean Robin.Lexer::TryParseMustacheTag(System.Nullable`1<Robin.Token>&)
DA:53,21
DA:54,21
DA:55,21
DA:57,21
DA:58,0
DA:59,0
DA:60,0
DA:64,21
DA:65,21
DA:66,4
DA:67,4
DA:68,4
DA:71,21
DA:72,21
DA:73,21
DA:75,21
DA:78,1
DA:79,1
DA:80,1
DA:81,1
DA:83,3
DA:84,3
DA:85,3
DA:86,3
DA:88,3
DA:89,3
DA:90,3
DA:91,3
DA:93,2
DA:94,2
DA:95,2
DA:96,2
DA:98,1
DA:99,1
DA:100,1
DA:101,1
DA:103,1
DA:104,1
DA:105,1
DA:106,1
DA:108,10
DA:109,4
DA:110,4
DA:111,4
DA:112,10
DA:116,21
DA:117,21
DA:119,21
DA:120,0
DA:122,0
DA:123,0
DA:124,0
DA:125,0
DA:129,21
DA:130,25
DA:131,4
DA:132,4
DA:133,4
DA:134,23
DA:135,2
DA:136,2
DA:137,2
DA:139,21
DA:141,21
DA:142,21
DA:143,21
BRDA:57,57,0,0
BRDA:57,57,1,21
BRDA:65,103,0,4
BRDA:65,103,1,21
BRDA:71,138,0,0
BRDA:71,138,1,21
BRDA:75,183,0,6
BRDA:75,189,0,5
BRDA:75,200,0,2
BRDA:75,183,1,15
BRDA:75,219,0,12
BRDA:75,227,0,11
BRDA:75,208,1,1
BRDA:75,200,1,3
BRDA:75,219,1,3
BRDA:75,238,1,2
BRDA:75,189,1,1
BRDA:75,227,1,1
BRDA:75,208,0,10
BRDA:75,238,0,10
BRDA:108,409,0,4
BRDA:108,409,1,21
BRDA:116,418,0,17
BRDA:116,418,1,4
BRDA:119,469,0,0
BRDA:119,469,1,21
BRDA:130,573,1,4
BRDA:130,545,0,25
BRDA:130,545,1,0
BRDA:134,619,1,2
BRDA:130,573,0,23
BRDA:134,589,0,23
BRDA:134,589,1,0
BRDA:134,619,0,21
FN:145,System.Int32 Robin.Lexer::IndexOf(System.ReadOnlySpan`1<System.Char>,System.String)
FNDA:52,System.Int32 Robin.Lexer::IndexOf(System.ReadOnlySpan`1<System.Char>,System.String)
DA:146,52
DA:147,52
DA:148,52
DA:150,566
DA:151,283
DA:152,283
DA:153,782
DA:154,339
DA:155,339
DA:156,231
DA:157,231
DA:158,231
DA:160,108
DA:161,335
DA:162,231
DA:163,0
DA:164,52
BRDA:147,12,0,0
BRDA:147,12,1,52
BRDA:148,38,0,0
BRDA:148,38,1,52
BRDA:150,159,1,283
BRDA:153,116,1,339
BRDA:155,87,0,231
BRDA:155,87,1,108
BRDA:153,116,0,283
BRDA:161,124,0,52
BRDA:161,124,1,231
BRDA:150,159,0,0
FN:165,System.ReadOnlyMemory`1<System.Char> Robin.Lexer::GetValue(Robin.Token)
FNDA:0,System.ReadOnlyMemory`1<System.Char> Robin.Lexer::GetValue(Robin.Token)
DA:166,0
DA:167,0
DA:168,0
DA:169,0
FN:12,System.Void Robin.Lexer::.ctor(System.ReadOnlySpan`1<System.Char>)
FNDA:11,System.Void Robin.Lexer::.ctor(System.ReadOnlySpan`1<System.Char>)
DA:13,11
DA:14,11
DA:15,11
DA:16,11
LF:112
LH:93
BRF:52
BRH:43
FNF:5
FNH:4
end_of_record
SF:/config/workspace/Robin/Robin/Token.cs
FN:9,System.ReadOnlyMemory`1<System.Char> Robin.Token::GetValue(System.ReadOnlySpan`1<System.Char>)
FNDA:27,System.ReadOnlyMemory`1<System.Char> Robin.Token::GetValue(System.ReadOnlySpan`1<System.Char>)
DA:10,27
DA:11,27
DA:12,27
FN:14,System.String Robin.Token::ToString()
FNDA:0,System.String Robin.Token::ToString()
DA:15,0
DA:16,0
DA:17,0
FN:4,System.Void Robin.Token::.ctor(Robin.TokenType,System.Int32,System.Int32)
FNDA:31,System.Void Robin.Token::.ctor(Robin.TokenType,System.Int32,System.Int32)
DA:5,31
DA:6,31
DA:7,31
LF:9
LH:6
BRF:0
BRH:0
FNF:3
FNH:2
end_of_record
SF:/config/workspace/Robin/Robin/Tokenizer.cs
FN:5,Robin.Token[] Robin.Tokenizer::Tokenize(System.ReadOnlySpan`1<System.Char>)
FNDA:11,Robin.Token[] Robin.Tokenizer::Tokenize(System.ReadOnlySpan`1<System.Char>)
DA:6,11
DA:7,11
DA:8,11
DA:10,42
DA:11,31
DA:12,31
DA:13,31
DA:15,11
DA:16,11
BRDA:10,26,0,31
BRDA:10,26,1,11
LF:9
LH:9
BRF:2
BRH:2
FNF:1
FNH:1
end_of_record
SF:/config/workspace/Robin/Robin/Nodes/Context.cs
FN:7,System.Collections.Generic.Dictionary`2<System.String,System.Action`3<Robin.Nodes.Context,Robin.Nodes.INode,System.Text.StringBuilder>> Robin.Nodes.Context::get_Helpers()
FNDA:0,System.Collections.Generic.Dictionary`2<System.String,System.Action`3<Robin.Nodes.Context,Robin.Nodes.INode,System.Text.StringBuilder>> Robin.Nodes.Context::get_Helpers()
DA:8,0
FN:9,System.Boolean Robin.Nodes.Context::TryResolve(System.String,System.Object&)
FNDA:0,System.Boolean Robin.Nodes.Context::TryResolve(System.String,System.Object&)
DA:10,0
FN:4,System.Void Robin.Nodes.Context::.ctor(System.Collections.Generic.IReadOnlyDictionary`2<System.String,System.Object>)
FNDA:0,System.Void Robin.Nodes.Context::.ctor(System.Collections.Generic.IReadOnlyDictionary`2<System.String,System.Object>)
DA:5,0
DA:7,0
LF:4
LH:0
BRF:0
BRH:0
FNF:3
FNH:0
end_of_record
SF:/config/workspace/Robin/Robin/Nodes/HelperNode.cs
FN:7,System.ReadOnlyMemory`1<System.Char> Robin.Nodes.HelperNode::get_Name()
FNDA:0,System.ReadOnlyMemory`1<System.Char> Robin.Nodes.HelperNode::get_Name()
DA:8,0
FN:8,Robin.Nodes.INode Robin.Nodes.HelperNode::get_Argument()
FNDA:0,Robin.Nodes.INode Robin.Nodes.HelperNode::get_Argument()
DA:9,0
FN:11,System.Void Robin.Nodes.HelperNode::Render(Robin.Nodes.Context,System.Text.StringBuilder)
FNDA:0,System.Void Robin.Nodes.HelperNode::Render(Robin.Nodes.Context,System.Text.StringBuilder)
DA:12,0
DA:13,0
DA:14,0
DA:15,0
DA:16,0
DA:17,0
BRDA:13,36,0,0
BRDA:13,36,1,0
LF:8
LH:0
BRF:2
BRH:0
FNF:3
FNH:0
end_of_record
SF:/config/workspace/Robin/Robin/Nodes/Node.cs
FN:8,System.Collections.Immutable.ImmutableArray`1<Robin.Nodes.INode> Robin.Nodes.Parser::Parse(Robin.Lexer&)
FNDA:0,System.Collections.Immutable.ImmutableArray`1<Robin.Nodes.INode> Robin.Nodes.Parser::Parse(Robin.Lexer&)
DA:9,0
DA:10,0
DA:11,0
DA:12,0
DA:13,0
DA:16,0
DA:17,0
DA:19,0
DA:20,0
DA:22,0
DA:23,0
DA:25,0
DA:26,0
DA:28,0
DA:29,0
DA:32,0
DA:36,0
DA:38,0
DA:39,0
DA:40,0
BRDA:11,17,0,0
BRDA:13,41,1,0
BRDA:13,41,2,0
BRDA:13,41,3,0
BRDA:13,41,4,0
BRDA:13,41,5,0
BRDA:13,41,0,0
BRDA:13,41,6,0
BRDA:13,41,7,0
BRDA:11,17,1,0
FN:42,Robin.Nodes.INode Robin.Nodes.Parser::ParseVariable(System.ReadOnlyMemory`1<System.Char>,System.Boolean)
FNDA:0,Robin.Nodes.INode Robin.Nodes.Parser::ParseVariable(System.ReadOnlyMemory`1<System.Char>,System.Boolean)
DA:43,0
DA:44,0
DA:45,0
FN:47,Robin.Nodes.INode Robin.Nodes.Parser::ParseSection(Robin.Lexer&,Robin.Token,System.Boolean)
FNDA:0,Robin.Nodes.INode Robin.Nodes.Parser::ParseSection(Robin.Lexer&,Robin.Token,System.Boolean)
DA:48,0
DA:49,0
DA:50,0
DA:51,0
DA:52,0
DA:53,0
DA:54,0
DA:56,0
DA:59,0
DA:60,0
DA:61,0
DA:62,0
DA:63,0
DA:64,0
DA:66,0
DA:69,0
DA:70,0
DA:72,0
DA:73,0
DA:75,0
DA:76,0
DA:78,0
DA:79,0
DA:81,0
DA:82,0
DA:84,0
DA:86,0
DA:88,0
DA:89,0
DA:91,0
DA:93,0
BRDA:51,30,0,0
BRDA:51,30,1,0
BRDA:61,119,0,0
BRDA:63,138,0,0
BRDA:63,138,1,0
BRDA:63,170,1,0
BRDA:66,197,1,0
BRDA:66,197,2,0
BRDA:66,197,3,0
BRDA:66,197,4,0
BRDA:66,197,5,0
BRDA:66,197,0,0
BRDA:66,197,6,0
BRDA:66,197,7,0
BRDA:61,119,1,0
BRDA:63,170,0,0
LF:54
LH:0
BRF:26
BRH:0
FNF:3
FNH:0
end_of_record
SF:/config/workspace/Robin/Robin/Nodes/SectionNode.cs
FN:7,System.ReadOnlyMemory`1<System.Char> Robin.Nodes.SectionNode::get_Name()
FNDA:0,System.ReadOnlyMemory`1<System.Char> Robin.Nodes.SectionNode::get_Name()
DA:8,0
FN:8,System.Collections.Immutable.ImmutableArray`1<Robin.Nodes.INode> Robin.Nodes.SectionNode::get_Children()
FNDA:0,System.Collections.Immutable.ImmutableArray`1<Robin.Nodes.INode> Robin.Nodes.SectionNode::get_Children()
DA:9,0
FN:9,System.Boolean Robin.Nodes.SectionNode::get_Inverted()
FNDA:0,System.Boolean Robin.Nodes.SectionNode::get_Inverted()
DA:10,0
FN:12,System.Void Robin.Nodes.SectionNode::Render(Robin.Nodes.Context,System.Text.StringBuilder)
FNDA:0,System.Void Robin.Nodes.SectionNode::Render(Robin.Nodes.Context,System.Text.StringBuilder)
DA:13,0
DA:14,0
DA:15,0
DA:16,0
DA:17,0
DA:18,0
DA:19,0
DA:20,0
DA:21,0
DA:22,0
DA:23,0
DA:24,0
DA:25,0
BRDA:14,31,0,0
BRDA:16,35,0,0
BRDA:16,35,1,0
BRDA:17,60,0,0
BRDA:17,63,0,0
BRDA:17,63,1,0
BRDA:17,60,1,0
BRDA:18,86,0,0
BRDA:19,134,1,0
BRDA:18,86,1,0
BRDA:19,134,0,0
BRDA:14,31,1,0
BRDA:21,149,0,0
BRDA:23,198,1,0
BRDA:23,198,0,0
BRDA:21,149,1,0
LF:16
LH:0
BRF:16
BRH:0
FNF:4
FNH:0
end_of_record
SF:/config/workspace/Robin/Robin/Nodes/TextNode.cs
FN:6,System.ReadOnlyMemory`1<System.Char> Robin.Nodes.TextNode::get_Text()
FNDA:0,System.ReadOnlyMemory`1<System.Char> Robin.Nodes.TextNode::get_Text()
DA:7,0
FN:8,System.Void Robin.Nodes.TextNode::Render(Robin.Nodes.Context,System.Text.StringBuilder)
FNDA:0,System.Void Robin.Nodes.TextNode::Render(Robin.Nodes.Context,System.Text.StringBuilder)
DA:9,0
LF:2
LH:0
BRF:0
BRH:0
FNF:2
FNH:0
end_of_record
SF:/config/workspace/Robin/Robin/Nodes/VariableNode.cs
FN:6,System.ReadOnlyMemory`1<System.Char> Robin.Nodes.VariableNode::get_Name()
FNDA:0,System.ReadOnlyMemory`1<System.Char> Robin.Nodes.VariableNode::get_Name()
DA:7,0
FN:7,System.Boolean Robin.Nodes.VariableNode::get_IsUnescaped()
FNDA:0,System.Boolean Robin.Nodes.VariableNode::get_IsUnescaped()
DA:8,0
FN:10,System.Void Robin.Nodes.VariableNode::Render(Robin.Nodes.Context,System.Text.StringBuilder)
FNDA:0,System.Void Robin.Nodes.VariableNode::Render(Robin.Nodes.Context,System.Text.StringBuilder)
DA:11,0
DA:12,0
DA:13,0
DA:14,0
DA:15,0
DA:16,0
DA:17,0
BRDA:12,31,0,0
BRDA:14,35,0,0
BRDA:14,35,1,0
BRDA:14,47,0,0
BRDA:14,47,1,0
BRDA:15,63,0,0
BRDA:15,63,1,0
BRDA:12,31,1,0
LF:9
LH:0
BRF:8
BRH:0
FNF:3
FNH:0
end_of_record