SF:/config/workspace/Robin/Robin/Lexer.cs
FN:16,System.Boolean Robin.Lexer::TryGetNextToken(Robin.Token&)
FNDA:15,System.Boolean Robin.Lexer::TryGetNextToken(Robin.Token&)
DA:17,15
DA:18,15
DA:19,1
DA:20,1
DA:21,1
DA:25,14
DA:28,14
DA:29,0
DA:30,0
DA:31,0
DA:32,0
DA:33,0
DA:34,0
DA:38,14
DA:39,7
DA:40,7
DA:41,7
DA:42,7
DA:43,7
DA:47,7
DA:48,15
BRDA:18,25,0,1
BRDA:18,25,1,14
BRDA:28,76,0,0
BRDA:28,76,1,14
BRDA:38,152,0,7
BRDA:38,152,1,7
FN:50,System.Boolean Robin.Lexer::TryParseMustacheTag(Robin.Token&)
FNDA:7,System.Boolean Robin.Lexer::TryParseMustacheTag(Robin.Token&)
DA:51,7
DA:52,7
DA:53,7
DA:55,7
DA:56,0
DA:57,0
DA:58,0
DA:62,7
DA:63,7
DA:64,0
DA:65,0
DA:66,0
DA:69,7
DA:70,7
DA:71,7
DA:73,7
DA:76,1
DA:77,1
DA:78,1
DA:79,1
DA:81,1
DA:82,1
DA:83,1
DA:84,1
DA:86,1
DA:87,1
DA:88,1
DA:89,1
DA:91,0
DA:92,0
DA:93,0
DA:94,0
DA:96,1
DA:97,1
DA:98,1
DA:99,1
DA:101,1
DA:102,1
DA:103,1
DA:104,1
DA:106,2
DA:107,0
DA:108,0
DA:109,0
DA:110,2
DA:114,7
DA:115,7
DA:117,7
DA:118,0
DA:120,0
DA:121,0
DA:122,0
DA:123,0
DA:127,7
DA:128,9
DA:129,2
DA:130,2
DA:131,2
DA:132,8
DA:133,1
DA:134,1
DA:135,1
DA:137,7
DA:139,7
DA:140,7
DA:141,7
BRDA:55,57,0,0
BRDA:55,57,1,7
BRDA:63,103,0,0
BRDA:63,103,1,7
BRDA:69,138,0,0
BRDA:69,138,1,7
BRDA:73,183,0,3
BRDA:73,189,0,2
BRDA:73,200,0,1
BRDA:73,183,1,4
BRDA:73,219,0,3
BRDA:73,227,0,2
BRDA:73,208,1,1
BRDA:73,200,1,1
BRDA:73,219,1,1
BRDA:73,238,1,0
BRDA:73,189,1,1
BRDA:73,227,1,1
BRDA:73,208,0,2
BRDA:73,238,0,2
BRDA:106,409,0,0
BRDA:106,409,1,7
BRDA:114,418,0,7
BRDA:114,418,1,0
BRDA:117,469,0,0
BRDA:117,469,1,7
BRDA:128,568,1,2
BRDA:128,540,0,9
BRDA:128,540,1,0
BRDA:132,614,1,1
BRDA:128,568,0,8
BRDA:132,584,0,8
BRDA:132,584,1,0
BRDA:132,614,0,7
FN:143,System.Int32 Robin.Lexer::IndexOf(System.ReadOnlySpan`1<System.Char>,System.String)
FNDA:21,System.Int32 Robin.Lexer::IndexOf(System.ReadOnlySpan`1<System.Char>,System.String)
DA:144,21
DA:145,21
DA:146,21
DA:148,190
DA:149,95
DA:150,95
DA:151,274
DA:152,116
DA:153,116
DA:154,74
DA:155,74
DA:156,74
DA:158,42
DA:159,116
DA:160,74
DA:161,0
DA:162,21
BRDA:145,12,0,0
BRDA:145,12,1,21
BRDA:146,38,0,0
BRDA:146,38,1,21
BRDA:148,159,1,95
BRDA:151,116,1,116
BRDA:153,87,0,74
BRDA:153,87,1,42
BRDA:151,116,0,95
BRDA:159,124,0,21
BRDA:159,124,1,74
BRDA:148,159,0,0
FN:165,System.Collections.Generic.List`1<Robin.Token> Robin.Lexer::Tokenize(System.ReadOnlySpan`1<System.Char>)
FNDA:1,System.Collections.Generic.List`1<Robin.Token> Robin.Lexer::Tokenize(System.ReadOnlySpan`1<System.Char>)
DA:166,1
DA:167,1
DA:168,1
DA:170,15
DA:171,14
DA:172,14
DA:173,14
DA:175,1
DA:176,1
BRDA:170,26,0,14
BRDA:170,26,1,1
FN:10,System.Void Robin.Lexer::.ctor(System.ReadOnlySpan`1<System.Char>)
FNDA:1,System.Void Robin.Lexer::.ctor(System.ReadOnlySpan`1<System.Char>)
DA:11,1
DA:12,1
DA:13,1
DA:14,1
LF:117
LH:92
BRF:54
BRH:41
FNF:5
FNH:5
end_of_record
SF:/config/workspace/Robin/Robin/Token.cs
FN:9,System.ReadOnlySpan`1<System.Char> Robin.Token::GetValue(System.ReadOnlySpan`1<System.Char>)
FNDA:14,System.ReadOnlySpan`1<System.Char> Robin.Token::GetValue(System.ReadOnlySpan`1<System.Char>)
DA:10,14
DA:11,14
DA:12,14
FN:14,System.String Robin.Token::ToString()
FNDA:0,System.String Robin.Token::ToString()
DA:15,0
DA:16,0
DA:17,0
FN:4,System.Void Robin.Token::.ctor(Robin.TokenType,System.Int32,System.Int32)
FNDA:14,System.Void Robin.Token::.ctor(Robin.TokenType,System.Int32,System.Int32)
DA:5,14
DA:6,14
DA:7,14
LF:9
LH:6
BRF:0
BRH:0
FNF:3
FNH:2
end_of_record